<?xml version="1.0" encoding="UTF-8"?>
<!-- Generated by org.testng.reporters.JUnitReportReporter -->
<testsuite hostname="DESKTOP-2VV9C35" failures="0" tests="1" name="com.example.GoogleSearchTest" time="11.307" errors="0" timestamp="2024-03-27T14:46:00 COT" skipped="0">
  <testcase classname="com.example.GoogleSearchTest" name="searchForCarsInLondon" time="11.307"/>
</testsuite> <!-- com.example.GoogleSearchTest -->
