<?xml version="1.0" encoding="UTF-8"?>
<!-- Generated by org.testng.reporters.JUnitReportReporter -->
<testsuite hostname="DESKTOP-2VV9C35" failures="0" tests="1" name="com.example.cochesTest" time="1.338" errors="0" timestamp="2024-03-26T15:51:39 COT" skipped="0">
  <testcase classname="com.example.cochesTest" name="exampleTest" time="1.338"/>
</testsuite> <!-- com.example.cochesTest -->
